[0mGET / [36m304[0m 547.811 ms - -[0m
[0mGET /favicon.ico [33m404[0m 171.752 ms - 150[0m
[0mGET /users/signin [32m200[0m 17.043 ms - 1595[0m
[0mPOST /users/create-session [36m302[0m 657.394 ms - 70[0m
[0mGET /users/signin [32m200[0m 14.760 ms - 1739[0m
[0mGET /users/signup [32m200[0m 10.906 ms - 1626[0m
[0mPOST /users/create [36m302[0m 183.293 ms - 70[0m
[0mGET /users/signin [32m200[0m 6.368 ms - 1595[0m
[0mPOST /users/create-session [36m302[0m 60.585 ms - 46[0m
[0mGET / [32m200[0m 22.043 ms - 3192[0m
[0mPOST /posts/create [32m200[0m 495.105 ms - 243[0m
[0mPOST /comments/create [32m200[0m 402.933 ms - 328[0m
[0mPOST /posts/create [32m200[0m 11.510 ms - 243[0m
[0mPOST /comments/create [32m200[0m 18.492 ms - 330[0m
[0mPOST /likes/toggle/?id=5f0aeed30a0fee18c073c2dc&type=Comment [32m200[0m 332.741 ms - 57[0m
[0mPOST /likes/toggle/?id=5f0aeed30a0fee18c073c2dc&type=Comment [32m200[0m 24.177 ms - 56[0m
[0mPOST /likes/toggle/?id=5f0aeec80a0fee18c073c2db&type=Post [32m200[0m 15.117 ms - 57[0m
[0mPOST /likes/toggle/?id=5f0aeec80a0fee18c073c2db&type=Post [32m200[0m 13.329 ms - 56[0m
[0mPOST /likes/toggle/?id=5f0aef0b0a0fee18c073c2df&type=Comment [32m200[0m 15.280 ms - 57[0m
[0mPOST /likes/toggle/?id=5f0aef0b0a0fee18c073c2df&type=Comment [32m200[0m 12.201 ms - 56[0m
[0mPOST /likes/toggle/?id=5f0aeeda0a0fee18c073c2de&type=Post [32m200[0m 15.428 ms - 57[0m
[0mPOST /likes/toggle/?id=5f0aeeda0a0fee18c073c2de&type=Post [32m200[0m 13.151 ms - 56[0m
[0mGET /api/v1/posts [33m404[0m 11.271 ms - 151[0m
[0mGET /api/v1/post [32m200[0m 300.691 ms - 1469[0m
[0mGET /api/v1/post [36m304[0m 1080.133 ms - -[0m
[0mGET /api/v1/post [36m304[0m 1320.452 ms - -[0m
[0mGET /api/v1/post [36m304[0m 488.207 ms - -[0m
[0mGET /api/v1/post [36m304[0m 59.737 ms - -[0m
[0mGET /api/v1/post [36m304[0m 79.766 ms - -[0m
[0mGET /api/v1/post [36m304[0m 477.313 ms - -[0m
[0mGET /api/v1/post [36m304[0m 38.268 ms - -[0m
[0mGET /api/v1/post [36m304[0m 702.376 ms - -[0m
[0mGET /api/v1/post [36m304[0m 112.424 ms - -[0m
[0mGET /api/v1/post [36m304[0m 1805.758 ms - -[0m
[0mGET /api/v1/post [36m304[0m 16.633 ms - -[0m
[0mGET /api/v1/post [36m304[0m 1606.252 ms - -[0m
[0mGET /api/v1/post [36m304[0m 732.489 ms - -[0m
[0mGET /api/v1/post [36m304[0m 36.304 ms - -[0m
[0mGET /api/v1/post [36m304[0m 18.203 ms - -[0m
[0mGET /api/v1/post [36m304[0m 182.074 ms - -[0m
[0mGET /api/v1/post [36m304[0m 62.803 ms - -[0m
[0mGET /api/v1/post [36m304[0m 476.065 ms - -[0m
[0mGET /api/v1/post [36m304[0m 13.658 ms - -[0m
[0mGET /api/v1/post [36m304[0m 1774.069 ms - -[0m
[0mGET /api/v1/post [36m304[0m 436.906 ms - -[0m
[0mGET /api/v1/post [36m304[0m 549.102 ms - -[0m
[0mGET /api/v1/post [36m304[0m 531.668 ms - -[0m
[0mGET /api/v1/post [36m304[0m 156.594 ms - -[0m
[0mGET /api/v1/post [36m304[0m 155.528 ms - -[0m
[0mGET /api/v1/post [36m304[0m 75.263 ms - -[0m
[0mGET /api/v1/post [36m304[0m 166.537 ms - -[0m
[0mGET /api/v1/post [36m304[0m 107.607 ms - -[0m
[0mGET /api/v1/post [36m304[0m 671.281 ms - -[0m
[0mGET / [32m200[0m 1274.478 ms - 4364[0m
[0mGET /favicon.ico [33m404[0m 28.821 ms - 150[0m
[0mGET /users/signin [36m304[0m 68.345 ms - -[0m
[0mPOST /users/create-session [36m302[0m 131.198 ms - 46[0m
[0mGET / [36m304[0m 83.461 ms - -[0m
[0mGET / [32m200[0m 47.234 ms - 7050[0m
