::1 - - [29/May/2020:09:32:23 +0000] "GET / HTTP/1.1" 304 - "-" "Mozilla/5.0 (Windows NT 10.0; Win64; x64) AppleWebKit/537.36 (KHTML, like Gecko) Chrome/83.0.4103.61 Safari/537.36"
::1 - - [29/May/2020:09:32:25 +0000] "GET /favicon.ico HTTP/1.1" 404 150 "http://localhost:8000/" "Mozilla/5.0 (Windows NT 10.0; Win64; x64) AppleWebKit/537.36 (KHTML, like Gecko) Chrome/83.0.4103.61 Safari/537.36"
::1 - - [29/May/2020:09:32:27 +0000] "GET / HTTP/1.1" 304 - "-" "Mozilla/5.0 (Windows NT 10.0; Win64; x64) AppleWebKit/537.36 (KHTML, like Gecko) Chrome/83.0.4103.61 Safari/537.36"
::1 - - [31/May/2020:08:19:16 +0000] "GET / HTTP/1.1" 200 2206 "-" "Mozilla/5.0 (Windows NT 10.0; Win64; x64) AppleWebKit/537.36 (KHTML, like Gecko) Chrome/83.0.4103.61 Safari/537.36"
::1 - - [31/May/2020:08:19:16 +0000] "GET /favicon.ico HTTP/1.1" 404 150 "http://localhost:8000/" "Mozilla/5.0 (Windows NT 10.0; Win64; x64) AppleWebKit/537.36 (KHTML, like Gecko) Chrome/83.0.4103.61 Safari/537.36"
::1 - - [31/May/2020:08:19:19 +0000] "GET /users/signin HTTP/1.1" 304 - "http://localhost:8000/" "Mozilla/5.0 (Windows NT 10.0; Win64; x64) AppleWebKit/537.36 (KHTML, like Gecko) Chrome/83.0.4103.61 Safari/537.36"
::1 - - [31/May/2020:08:19:27 +0000] "GET / HTTP/1.1" 304 - "http://localhost:8000/users/signin" "Mozilla/5.0 (Windows NT 10.0; Win64; x64) AppleWebKit/537.36 (KHTML, like Gecko) Chrome/83.0.4103.61 Safari/537.36"
::1 - - [31/May/2020:08:19:27 +0000] "POST /users/create-session HTTP/1.1" 302 46 "http://localhost:8000/users/signin" "Mozilla/5.0 (Windows NT 10.0; Win64; x64) AppleWebKit/537.36 (KHTML, like Gecko) Chrome/83.0.4103.61 Safari/537.36"
::1 - - [31/May/2020:08:19:31 +0000] "GET / HTTP/1.1" 200 3188 "http://localhost:8000/users/signin" "Mozilla/5.0 (Windows NT 10.0; Win64; x64) AppleWebKit/537.36 (KHTML, like Gecko) Chrome/83.0.4103.61 Safari/537.36"
::1 - - [31/May/2020:08:19:36 +0000] "GET /users/signout HTTP/1.1" 302 46 "http://localhost:8000/" "Mozilla/5.0 (Windows NT 10.0; Win64; x64) AppleWebKit/537.36 (KHTML, like Gecko) Chrome/83.0.4103.61 Safari/537.36"
::1 - - [31/May/2020:08:19:36 +0000] "GET / HTTP/1.1" 200 2382 "http://localhost:8000/" "Mozilla/5.0 (Windows NT 10.0; Win64; x64) AppleWebKit/537.36 (KHTML, like Gecko) Chrome/83.0.4103.61 Safari/537.36"
::1 - - [31/May/2020:08:19:39 +0000] "GET /users/signup HTTP/1.1" 200 1626 "http://localhost:8000/" "Mozilla/5.0 (Windows NT 10.0; Win64; x64) AppleWebKit/537.36 (KHTML, like Gecko) Chrome/83.0.4103.61 Safari/537.36"
::1 - - [01/Jun/2020:18:04:26 +0000] "GET / HTTP/1.1" 200 2206 "-" "Mozilla/5.0 (Windows NT 10.0; Win64; x64) AppleWebKit/537.36 (KHTML, like Gecko) Chrome/83.0.4103.61 Safari/537.36"
::1 - - [01/Jun/2020:18:04:27 +0000] "GET /favicon.ico HTTP/1.1" 404 150 "http://localhost:8000/" "Mozilla/5.0 (Windows NT 10.0; Win64; x64) AppleWebKit/537.36 (KHTML, like Gecko) Chrome/83.0.4103.61 Safari/537.36"
::1 - - [01/Jun/2020:18:04:34 +0000] "GET /users/signin HTTP/1.1" 304 - "http://localhost:8000/" "Mozilla/5.0 (Windows NT 10.0; Win64; x64) AppleWebKit/537.36 (KHTML, like Gecko) Chrome/83.0.4103.61 Safari/537.36"
::1 - - [01/Jun/2020:18:04:42 +0000] "GET / HTTP/1.1" 304 - "http://localhost:8000/users/signin" "Mozilla/5.0 (Windows NT 10.0; Win64; x64) AppleWebKit/537.36 (KHTML, like Gecko) Chrome/83.0.4103.61 Safari/537.36"
::1 - - [01/Jun/2020:18:04:43 +0000] "POST /users/create-session HTTP/1.1" 302 46 "http://localhost:8000/users/signin" "Mozilla/5.0 (Windows NT 10.0; Win64; x64) AppleWebKit/537.36 (KHTML, like Gecko) Chrome/83.0.4103.61 Safari/537.36"
::1 - - [01/Jun/2020:18:04:46 +0000] "GET / HTTP/1.1" 200 3188 "http://localhost:8000/users/signin" "Mozilla/5.0 (Windows NT 10.0; Win64; x64) AppleWebKit/537.36 (KHTML, like Gecko) Chrome/83.0.4103.61 Safari/537.36"
::1 - - [02/Jun/2020:08:55:23 +0000] "GET / HTTP/1.1" 200 2206 "-" "Mozilla/5.0 (Windows NT 10.0; Win64; x64) AppleWebKit/537.36 (KHTML, like Gecko) Chrome/83.0.4103.61 Safari/537.36"
::1 - - [02/Jun/2020:08:55:32 +0000] "GET /css/header.css HTTP/1.1" 404 153 "http://localhost:8000/" "Mozilla/5.0 (Windows NT 10.0; Win64; x64) AppleWebKit/537.36 (KHTML, like Gecko) Chrome/83.0.4103.61 Safari/537.36"
::1 - - [02/Jun/2020:08:55:33 +0000] "GET /js/home_post.js HTTP/1.1" 404 154 "http://localhost:8000/" "Mozilla/5.0 (Windows NT 10.0; Win64; x64) AppleWebKit/537.36 (KHTML, like Gecko) Chrome/83.0.4103.61 Safari/537.36"
::1 - - [02/Jun/2020:08:55:33 +0000] "GET /js/home_post_comments1.js HTTP/1.1" 404 164 "http://localhost:8000/" "Mozilla/5.0 (Windows NT 10.0; Win64; x64) AppleWebKit/537.36 (KHTML, like Gecko) Chrome/83.0.4103.61 Safari/537.36"
::1 - - [02/Jun/2020:08:55:33 +0000] "GET /css/layout.css HTTP/1.1" 404 153 "http://localhost:8000/" "Mozilla/5.0 (Windows NT 10.0; Win64; x64) AppleWebKit/537.36 (KHTML, like Gecko) Chrome/83.0.4103.61 Safari/537.36"
::1 - - [02/Jun/2020:08:55:33 +0000] "GET /css/chat_box.css HTTP/1.1" 404 155 "http://localhost:8000/" "Mozilla/5.0 (Windows NT 10.0; Win64; x64) AppleWebKit/537.36 (KHTML, like Gecko) Chrome/83.0.4103.61 Safari/537.36"
::1 - - [02/Jun/2020:08:55:33 +0000] "GET /js/chat_engine.js HTTP/1.1" 404 156 "http://localhost:8000/" "Mozilla/5.0 (Windows NT 10.0; Win64; x64) AppleWebKit/537.36 (KHTML, like Gecko) Chrome/83.0.4103.61 Safari/537.36"
::1 - - [02/Jun/2020:08:55:33 +0000] "GET /css/footer.css HTTP/1.1" 404 153 "http://localhost:8000/" "Mozilla/5.0 (Windows NT 10.0; Win64; x64) AppleWebKit/537.36 (KHTML, like Gecko) Chrome/83.0.4103.61 Safari/537.36"
::1 - - [02/Jun/2020:08:55:33 +0000] "GET /js/toggle_likes.js HTTP/1.1" 404 157 "http://localhost:8000/" "Mozilla/5.0 (Windows NT 10.0; Win64; x64) AppleWebKit/537.36 (KHTML, like Gecko) Chrome/83.0.4103.61 Safari/537.36"
::1 - - [02/Jun/2020:08:55:33 +0000] "GET /css/home.css HTTP/1.1" 404 151 "http://localhost:8000/" "Mozilla/5.0 (Windows NT 10.0; Win64; x64) AppleWebKit/537.36 (KHTML, like Gecko) Chrome/83.0.4103.61 Safari/537.36"
::1 - - [02/Jun/2020:08:55:34 +0000] "GET /js/home_post.js HTTP/1.1" 404 154 "http://localhost:8000/" "Mozilla/5.0 (Windows NT 10.0; Win64; x64) AppleWebKit/537.36 (KHTML, like Gecko) Chrome/83.0.4103.61 Safari/537.36"
::1 - - [02/Jun/2020:08:55:34 +0000] "GET /js/toggle_likes.js HTTP/1.1" 404 157 "http://localhost:8000/" "Mozilla/5.0 (Windows NT 10.0; Win64; x64) AppleWebKit/537.36 (KHTML, like Gecko) Chrome/83.0.4103.61 Safari/537.36"
::1 - - [02/Jun/2020:08:55:34 +0000] "GET /js/chat_engine.js HTTP/1.1" 404 156 "http://localhost:8000/" "Mozilla/5.0 (Windows NT 10.0; Win64; x64) AppleWebKit/537.36 (KHTML, like Gecko) Chrome/83.0.4103.61 Safari/537.36"
::1 - - [02/Jun/2020:08:55:42 +0000] "GET / HTTP/1.1" 304 - "-" "Mozilla/5.0 (Windows NT 10.0; Win64; x64) AppleWebKit/537.36 (KHTML, like Gecko) Chrome/83.0.4103.61 Safari/537.36"
::1 - - [02/Jun/2020:08:55:43 +0000] "GET /css/layout.css HTTP/1.1" 404 153 "http://localhost:8000/" "Mozilla/5.0 (Windows NT 10.0; Win64; x64) AppleWebKit/537.36 (KHTML, like Gecko) Chrome/83.0.4103.61 Safari/537.36"
::1 - - [02/Jun/2020:08:55:43 +0000] "GET /css/header.css HTTP/1.1" 404 153 "http://localhost:8000/" "Mozilla/5.0 (Windows NT 10.0; Win64; x64) AppleWebKit/537.36 (KHTML, like Gecko) Chrome/83.0.4103.61 Safari/537.36"
::1 - - [02/Jun/2020:08:55:43 +0000] "GET /css/home.css HTTP/1.1" 404 151 "http://localhost:8000/" "Mozilla/5.0 (Windows NT 10.0; Win64; x64) AppleWebKit/537.36 (KHTML, like Gecko) Chrome/83.0.4103.61 Safari/537.36"
::1 - - [02/Jun/2020:08:55:43 +0000] "GET /css/chat_box.css HTTP/1.1" 404 155 "http://localhost:8000/" "Mozilla/5.0 (Windows NT 10.0; Win64; x64) AppleWebKit/537.36 (KHTML, like Gecko) Chrome/83.0.4103.61 Safari/537.36"
::1 - - [02/Jun/2020:08:55:43 +0000] "GET /css/footer.css HTTP/1.1" 404 153 "http://localhost:8000/" "Mozilla/5.0 (Windows NT 10.0; Win64; x64) AppleWebKit/537.36 (KHTML, like Gecko) Chrome/83.0.4103.61 Safari/537.36"
::1 - - [02/Jun/2020:08:55:43 +0000] "GET /js/home_post_comments1.js HTTP/1.1" 404 164 "http://localhost:8000/" "Mozilla/5.0 (Windows NT 10.0; Win64; x64) AppleWebKit/537.36 (KHTML, like Gecko) Chrome/83.0.4103.61 Safari/537.36"
::1 - - [02/Jun/2020:08:55:43 +0000] "GET /js/toggle_likes.js HTTP/1.1" 404 157 "http://localhost:8000/" "Mozilla/5.0 (Windows NT 10.0; Win64; x64) AppleWebKit/537.36 (KHTML, like Gecko) Chrome/83.0.4103.61 Safari/537.36"
::1 - - [02/Jun/2020:08:55:43 +0000] "GET /js/chat_engine.js HTTP/1.1" 404 156 "http://localhost:8000/" "Mozilla/5.0 (Windows NT 10.0; Win64; x64) AppleWebKit/537.36 (KHTML, like Gecko) Chrome/83.0.4103.61 Safari/537.36"
::1 - - [02/Jun/2020:08:55:43 +0000] "GET /js/home_post.js HTTP/1.1" 404 154 "http://localhost:8000/" "Mozilla/5.0 (Windows NT 10.0; Win64; x64) AppleWebKit/537.36 (KHTML, like Gecko) Chrome/83.0.4103.61 Safari/537.36"
::1 - - [02/Jun/2020:08:55:43 +0000] "GET /js/toggle_likes.js HTTP/1.1" 404 157 "http://localhost:8000/" "Mozilla/5.0 (Windows NT 10.0; Win64; x64) AppleWebKit/537.36 (KHTML, like Gecko) Chrome/83.0.4103.61 Safari/537.36"
::1 - - [02/Jun/2020:08:55:43 +0000] "GET /js/chat_engine.js HTTP/1.1" 404 156 "http://localhost:8000/" "Mozilla/5.0 (Windows NT 10.0; Win64; x64) AppleWebKit/537.36 (KHTML, like Gecko) Chrome/83.0.4103.61 Safari/537.36"
::1 - - [02/Jun/2020:09:01:27 +0000] "GET / HTTP/1.1" 304 - "-" "Mozilla/5.0 (Windows NT 10.0; Win64; x64) AppleWebKit/537.36 (KHTML, like Gecko) Chrome/83.0.4103.61 Safari/537.36"
::1 - - [02/Jun/2020:09:01:27 +0000] "GET /css/layout.css HTTP/1.1" 404 153 "http://localhost:8000/" "Mozilla/5.0 (Windows NT 10.0; Win64; x64) AppleWebKit/537.36 (KHTML, like Gecko) Chrome/83.0.4103.61 Safari/537.36"
::1 - - [02/Jun/2020:09:01:27 +0000] "GET /css/header.css HTTP/1.1" 404 153 "http://localhost:8000/" "Mozilla/5.0 (Windows NT 10.0; Win64; x64) AppleWebKit/537.36 (KHTML, like Gecko) Chrome/83.0.4103.61 Safari/537.36"
::1 - - [02/Jun/2020:09:01:28 +0000] "GET /css/footer.css HTTP/1.1" 404 153 "http://localhost:8000/" "Mozilla/5.0 (Windows NT 10.0; Win64; x64) AppleWebKit/537.36 (KHTML, like Gecko) Chrome/83.0.4103.61 Safari/537.36"
::1 - - [02/Jun/2020:09:01:28 +0000] "GET /css/home.css HTTP/1.1" 404 151 "http://localhost:8000/" "Mozilla/5.0 (Windows NT 10.0; Win64; x64) AppleWebKit/537.36 (KHTML, like Gecko) Chrome/83.0.4103.61 Safari/537.36"
::1 - - [02/Jun/2020:09:01:28 +0000] "GET /js/toggle_likes.js HTTP/1.1" 404 157 "http://localhost:8000/" "Mozilla/5.0 (Windows NT 10.0; Win64; x64) AppleWebKit/537.36 (KHTML, like Gecko) Chrome/83.0.4103.61 Safari/537.36"
::1 - - [02/Jun/2020:09:01:28 +0000] "GET /js/chat_engine.js HTTP/1.1" 404 156 "http://localhost:8000/" "Mozilla/5.0 (Windows NT 10.0; Win64; x64) AppleWebKit/537.36 (KHTML, like Gecko) Chrome/83.0.4103.61 Safari/537.36"
::1 - - [02/Jun/2020:09:01:28 +0000] "GET /js/home_post.js HTTP/1.1" 404 154 "http://localhost:8000/" "Mozilla/5.0 (Windows NT 10.0; Win64; x64) AppleWebKit/537.36 (KHTML, like Gecko) Chrome/83.0.4103.61 Safari/537.36"
::1 - - [02/Jun/2020:09:01:28 +0000] "GET /css/header.css HTTP/1.1" 404 153 "http://localhost:8000/" "Mozilla/5.0 (Windows NT 10.0; Win64; x64) AppleWebKit/537.36 (KHTML, like Gecko) Chrome/83.0.4103.61 Safari/537.36"
::1 - - [02/Jun/2020:09:01:28 +0000] "GET /css/chat_box.css HTTP/1.1" 404 155 "http://localhost:8000/" "Mozilla/5.0 (Windows NT 10.0; Win64; x64) AppleWebKit/537.36 (KHTML, like Gecko) Chrome/83.0.4103.61 Safari/537.36"
::1 - - [02/Jun/2020:09:01:28 +0000] "GET /js/home_post_comments1.js HTTP/1.1" 404 164 "http://localhost:8000/" "Mozilla/5.0 (Windows NT 10.0; Win64; x64) AppleWebKit/537.36 (KHTML, like Gecko) Chrome/83.0.4103.61 Safari/537.36"
::1 - - [02/Jun/2020:09:01:28 +0000] "GET /css/layout.css HTTP/1.1" 404 153 "http://localhost:8000/" "Mozilla/5.0 (Windows NT 10.0; Win64; x64) AppleWebKit/537.36 (KHTML, like Gecko) Chrome/83.0.4103.61 Safari/537.36"
::1 - - [02/Jun/2020:09:01:28 +0000] "GET /js/home_post.js HTTP/1.1" 404 154 "http://localhost:8000/" "Mozilla/5.0 (Windows NT 10.0; Win64; x64) AppleWebKit/537.36 (KHTML, like Gecko) Chrome/83.0.4103.61 Safari/537.36"
::1 - - [02/Jun/2020:09:01:28 +0000] "GET /js/toggle_likes.js HTTP/1.1" 404 157 "http://localhost:8000/" "Mozilla/5.0 (Windows NT 10.0; Win64; x64) AppleWebKit/537.36 (KHTML, like Gecko) Chrome/83.0.4103.61 Safari/537.36"
::1 - - [02/Jun/2020:09:01:28 +0000] "GET /js/chat_engine.js HTTP/1.1" 404 156 "http://localhost:8000/" "Mozilla/5.0 (Windows NT 10.0; Win64; x64) AppleWebKit/537.36 (KHTML, like Gecko) Chrome/83.0.4103.61 Safari/537.36"
::1 - - [02/Jun/2020:09:01:35 +0000] "GET / HTTP/1.1" 304 - "-" "Mozilla/5.0 (Windows NT 10.0; Win64; x64) AppleWebKit/537.36 (KHTML, like Gecko) Chrome/83.0.4103.61 Safari/537.36"
::1 - - [02/Jun/2020:09:01:37 +0000] "GET /css/header.css HTTP/1.1" 404 153 "http://localhost:8000/" "Mozilla/5.0 (Windows NT 10.0; Win64; x64) AppleWebKit/537.36 (KHTML, like Gecko) Chrome/83.0.4103.61 Safari/537.36"
::1 - - [02/Jun/2020:09:01:37 +0000] "GET /css/layout.css HTTP/1.1" 404 153 "http://localhost:8000/" "Mozilla/5.0 (Windows NT 10.0; Win64; x64) AppleWebKit/537.36 (KHTML, like Gecko) Chrome/83.0.4103.61 Safari/537.36"
::1 - - [02/Jun/2020:09:01:37 +0000] "GET /css/footer.css HTTP/1.1" 404 153 "http://localhost:8000/" "Mozilla/5.0 (Windows NT 10.0; Win64; x64) AppleWebKit/537.36 (KHTML, like Gecko) Chrome/83.0.4103.61 Safari/537.36"
::1 - - [02/Jun/2020:09:01:37 +0000] "GET /css/home.css HTTP/1.1" 404 151 "http://localhost:8000/" "Mozilla/5.0 (Windows NT 10.0; Win64; x64) AppleWebKit/537.36 (KHTML, like Gecko) Chrome/83.0.4103.61 Safari/537.36"
::1 - - [02/Jun/2020:09:01:37 +0000] "GET /css/chat_box.css HTTP/1.1" 404 155 "http://localhost:8000/" "Mozilla/5.0 (Windows NT 10.0; Win64; x64) AppleWebKit/537.36 (KHTML, like Gecko) Chrome/83.0.4103.61 Safari/537.36"
::1 - - [02/Jun/2020:09:01:37 +0000] "GET /js/home_post_comments1.js HTTP/1.1" 404 164 "http://localhost:8000/" "Mozilla/5.0 (Windows NT 10.0; Win64; x64) AppleWebKit/537.36 (KHTML, like Gecko) Chrome/83.0.4103.61 Safari/537.36"
::1 - - [02/Jun/2020:09:01:38 +0000] "GET /js/home_post.js HTTP/1.1" 404 154 "http://localhost:8000/" "Mozilla/5.0 (Windows NT 10.0; Win64; x64) AppleWebKit/537.36 (KHTML, like Gecko) Chrome/83.0.4103.61 Safari/537.36"
::1 - - [02/Jun/2020:09:01:38 +0000] "GET /js/toggle_likes.js HTTP/1.1" 404 157 "http://localhost:8000/" "Mozilla/5.0 (Windows NT 10.0; Win64; x64) AppleWebKit/537.36 (KHTML, like Gecko) Chrome/83.0.4103.61 Safari/537.36"
::1 - - [02/Jun/2020:09:01:38 +0000] "GET /js/chat_engine.js HTTP/1.1" 404 156 "http://localhost:8000/" "Mozilla/5.0 (Windows NT 10.0; Win64; x64) AppleWebKit/537.36 (KHTML, like Gecko) Chrome/83.0.4103.61 Safari/537.36"
::1 - - [02/Jun/2020:09:01:38 +0000] "GET /css/layout.css HTTP/1.1" 404 153 "http://localhost:8000/" "Mozilla/5.0 (Windows NT 10.0; Win64; x64) AppleWebKit/537.36 (KHTML, like Gecko) Chrome/83.0.4103.61 Safari/537.36"
::1 - - [02/Jun/2020:09:01:38 +0000] "GET /css/header.css HTTP/1.1" 404 153 "http://localhost:8000/" "Mozilla/5.0 (Windows NT 10.0; Win64; x64) AppleWebKit/537.36 (KHTML, like Gecko) Chrome/83.0.4103.61 Safari/537.36"
::1 - - [02/Jun/2020:09:01:38 +0000] "GET /css/footer.css HTTP/1.1" 404 153 "http://localhost:8000/" "Mozilla/5.0 (Windows NT 10.0; Win64; x64) AppleWebKit/537.36 (KHTML, like Gecko) Chrome/83.0.4103.61 Safari/537.36"
::1 - - [02/Jun/2020:09:01:38 +0000] "GET /css/home.css HTTP/1.1" 404 151 "http://localhost:8000/" "Mozilla/5.0 (Windows NT 10.0; Win64; x64) AppleWebKit/537.36 (KHTML, like Gecko) Chrome/83.0.4103.61 Safari/537.36"
::1 - - [02/Jun/2020:09:01:38 +0000] "GET /js/home_post_comments1.js HTTP/1.1" 404 164 "http://localhost:8000/" "Mozilla/5.0 (Windows NT 10.0; Win64; x64) AppleWebKit/537.36 (KHTML, like Gecko) Chrome/83.0.4103.61 Safari/537.36"
::1 - - [02/Jun/2020:09:01:38 +0000] "GET /css/chat_box.css HTTP/1.1" 404 155 "http://localhost:8000/" "Mozilla/5.0 (Windows NT 10.0; Win64; x64) AppleWebKit/537.36 (KHTML, like Gecko) Chrome/83.0.4103.61 Safari/537.36"
::1 - - [02/Jun/2020:09:01:38 +0000] "GET /js/home_post.js HTTP/1.1" 404 154 "http://localhost:8000/" "Mozilla/5.0 (Windows NT 10.0; Win64; x64) AppleWebKit/537.36 (KHTML, like Gecko) Chrome/83.0.4103.61 Safari/537.36"
::1 - - [02/Jun/2020:09:01:39 +0000] "GET /js/toggle_likes.js HTTP/1.1" 404 157 "http://localhost:8000/" "Mozilla/5.0 (Windows NT 10.0; Win64; x64) AppleWebKit/537.36 (KHTML, like Gecko) Chrome/83.0.4103.61 Safari/537.36"
::1 - - [02/Jun/2020:09:01:39 +0000] "GET /js/chat_engine.js HTTP/1.1" 404 156 "http://localhost:8000/" "Mozilla/5.0 (Windows NT 10.0; Win64; x64) AppleWebKit/537.36 (KHTML, like Gecko) Chrome/83.0.4103.61 Safari/537.36"
::1 - - [02/Jun/2020:09:05:01 +0000] "GET / HTTP/1.1" 304 - "-" "Mozilla/5.0 (Windows NT 10.0; Win64; x64) AppleWebKit/537.36 (KHTML, like Gecko) Chrome/83.0.4103.61 Safari/537.36"
::1 - - [02/Jun/2020:09:05:01 +0000] "GET /css/layout.css HTTP/1.1" 404 153 "http://localhost:8000/" "Mozilla/5.0 (Windows NT 10.0; Win64; x64) AppleWebKit/537.36 (KHTML, like Gecko) Chrome/83.0.4103.61 Safari/537.36"
::1 - - [02/Jun/2020:09:05:01 +0000] "GET /css/chat_box.css HTTP/1.1" 404 155 "http://localhost:8000/" "Mozilla/5.0 (Windows NT 10.0; Win64; x64) AppleWebKit/537.36 (KHTML, like Gecko) Chrome/83.0.4103.61 Safari/537.36"
::1 - - [02/Jun/2020:09:05:01 +0000] "GET /css/home.css HTTP/1.1" 404 151 "http://localhost:8000/" "Mozilla/5.0 (Windows NT 10.0; Win64; x64) AppleWebKit/537.36 (KHTML, like Gecko) Chrome/83.0.4103.61 Safari/537.36"
::1 - - [02/Jun/2020:09:05:01 +0000] "GET /js/home_post_comments1.js HTTP/1.1" 404 164 "http://localhost:8000/" "Mozilla/5.0 (Windows NT 10.0; Win64; x64) AppleWebKit/537.36 (KHTML, like Gecko) Chrome/83.0.4103.61 Safari/537.36"
::1 - - [02/Jun/2020:09:05:01 +0000] "GET /css/header.css HTTP/1.1" 404 153 "http://localhost:8000/" "Mozilla/5.0 (Windows NT 10.0; Win64; x64) AppleWebKit/537.36 (KHTML, like Gecko) Chrome/83.0.4103.61 Safari/537.36"
::1 - - [02/Jun/2020:09:05:01 +0000] "GET /css/footer.css HTTP/1.1" 404 153 "http://localhost:8000/" "Mozilla/5.0 (Windows NT 10.0; Win64; x64) AppleWebKit/537.36 (KHTML, like Gecko) Chrome/83.0.4103.61 Safari/537.36"
::1 - - [02/Jun/2020:09:05:01 +0000] "GET /js/toggle_likes.js HTTP/1.1" 404 157 "http://localhost:8000/" "Mozilla/5.0 (Windows NT 10.0; Win64; x64) AppleWebKit/537.36 (KHTML, like Gecko) Chrome/83.0.4103.61 Safari/537.36"
::1 - - [02/Jun/2020:09:05:01 +0000] "GET /js/chat_engine.js HTTP/1.1" 404 156 "http://localhost:8000/" "Mozilla/5.0 (Windows NT 10.0; Win64; x64) AppleWebKit/537.36 (KHTML, like Gecko) Chrome/83.0.4103.61 Safari/537.36"
::1 - - [02/Jun/2020:09:05:01 +0000] "GET /js/home_post.js HTTP/1.1" 404 154 "http://localhost:8000/" "Mozilla/5.0 (Windows NT 10.0; Win64; x64) AppleWebKit/537.36 (KHTML, like Gecko) Chrome/83.0.4103.61 Safari/537.36"
::1 - - [02/Jun/2020:09:05:01 +0000] "GET /js/toggle_likes.js HTTP/1.1" 404 157 "http://localhost:8000/" "Mozilla/5.0 (Windows NT 10.0; Win64; x64) AppleWebKit/537.36 (KHTML, like Gecko) Chrome/83.0.4103.61 Safari/537.36"
::1 - - [02/Jun/2020:09:05:01 +0000] "GET /js/chat_engine.js HTTP/1.1" 404 156 "http://localhost:8000/" "Mozilla/5.0 (Windows NT 10.0; Win64; x64) AppleWebKit/537.36 (KHTML, like Gecko) Chrome/83.0.4103.61 Safari/537.36"
::1 - - [02/Jun/2020:09:05:09 +0000] "GET / HTTP/1.1" 304 - "-" "Mozilla/5.0 (Windows NT 10.0; Win64; x64) AppleWebKit/537.36 (KHTML, like Gecko) Chrome/83.0.4103.61 Safari/537.36"
::1 - - [02/Jun/2020:09:05:10 +0000] "GET /css/layout.css HTTP/1.1" 404 153 "http://localhost:8000/" "Mozilla/5.0 (Windows NT 10.0; Win64; x64) AppleWebKit/537.36 (KHTML, like Gecko) Chrome/83.0.4103.61 Safari/537.36"
::1 - - [02/Jun/2020:09:05:10 +0000] "GET /css/header.css HTTP/1.1" 404 153 "http://localhost:8000/" "Mozilla/5.0 (Windows NT 10.0; Win64; x64) AppleWebKit/537.36 (KHTML, like Gecko) Chrome/83.0.4103.61 Safari/537.36"
::1 - - [02/Jun/2020:09:05:10 +0000] "GET /css/footer.css HTTP/1.1" 404 153 "http://localhost:8000/" "Mozilla/5.0 (Windows NT 10.0; Win64; x64) AppleWebKit/537.36 (KHTML, like Gecko) Chrome/83.0.4103.61 Safari/537.36"
::1 - - [02/Jun/2020:09:05:10 +0000] "GET /css/home.css HTTP/1.1" 404 151 "http://localhost:8000/" "Mozilla/5.0 (Windows NT 10.0; Win64; x64) AppleWebKit/537.36 (KHTML, like Gecko) Chrome/83.0.4103.61 Safari/537.36"
::1 - - [02/Jun/2020:09:05:10 +0000] "GET /css/chat_box.css HTTP/1.1" 404 155 "http://localhost:8000/" "Mozilla/5.0 (Windows NT 10.0; Win64; x64) AppleWebKit/537.36 (KHTML, like Gecko) Chrome/83.0.4103.61 Safari/537.36"
::1 - - [02/Jun/2020:09:05:11 +0000] "GET /js/home_post_comments1.js HTTP/1.1" 404 164 "http://localhost:8000/" "Mozilla/5.0 (Windows NT 10.0; Win64; x64) AppleWebKit/537.36 (KHTML, like Gecko) Chrome/83.0.4103.61 Safari/537.36"
::1 - - [02/Jun/2020:09:05:11 +0000] "GET /js/home_post.js HTTP/1.1" 404 154 "http://localhost:8000/" "Mozilla/5.0 (Windows NT 10.0; Win64; x64) AppleWebKit/537.36 (KHTML, like Gecko) Chrome/83.0.4103.61 Safari/537.36"
::1 - - [02/Jun/2020:09:05:11 +0000] "GET /js/toggle_likes.js HTTP/1.1" 404 157 "http://localhost:8000/" "Mozilla/5.0 (Windows NT 10.0; Win64; x64) AppleWebKit/537.36 (KHTML, like Gecko) Chrome/83.0.4103.61 Safari/537.36"
::1 - - [02/Jun/2020:09:05:11 +0000] "GET /js/chat_engine.js HTTP/1.1" 404 156 "http://localhost:8000/" "Mozilla/5.0 (Windows NT 10.0; Win64; x64) AppleWebKit/537.36 (KHTML, like Gecko) Chrome/83.0.4103.61 Safari/537.36"
::1 - - [02/Jun/2020:09:05:16 +0000] "GET /js/chat_engine.js HTTP/1.1" 404 156 "http://localhost:8000/" "Mozilla/5.0 (Windows NT 10.0; Win64; x64) AppleWebKit/537.36 (KHTML, like Gecko) Chrome/83.0.4103.61 Safari/537.36"
::1 - - [02/Jun/2020:09:09:18 +0000] "GET / HTTP/1.1" 304 - "-" "Mozilla/5.0 (Windows NT 10.0; Win64; x64) AppleWebKit/537.36 (KHTML, like Gecko) Chrome/83.0.4103.61 Safari/537.36"
::1 - - [02/Jun/2020:09:09:19 +0000] "GET /css/layout.css HTTP/1.1" 404 153 "http://localhost:8000/" "Mozilla/5.0 (Windows NT 10.0; Win64; x64) AppleWebKit/537.36 (KHTML, like Gecko) Chrome/83.0.4103.61 Safari/537.36"
::1 - - [02/Jun/2020:09:09:19 +0000] "GET /css/header.css HTTP/1.1" 404 153 "http://localhost:8000/" "Mozilla/5.0 (Windows NT 10.0; Win64; x64) AppleWebKit/537.36 (KHTML, like Gecko) Chrome/83.0.4103.61 Safari/537.36"
::1 - - [02/Jun/2020:09:09:19 +0000] "GET /css/home.css HTTP/1.1" 404 151 "http://localhost:8000/" "Mozilla/5.0 (Windows NT 10.0; Win64; x64) AppleWebKit/537.36 (KHTML, like Gecko) Chrome/83.0.4103.61 Safari/537.36"
::1 - - [02/Jun/2020:09:09:19 +0000] "GET /css/chat_box.css HTTP/1.1" 404 155 "http://localhost:8000/" "Mozilla/5.0 (Windows NT 10.0; Win64; x64) AppleWebKit/537.36 (KHTML, like Gecko) Chrome/83.0.4103.61 Safari/537.36"
::1 - - [02/Jun/2020:09:09:19 +0000] "GET /js/home_post.js HTTP/1.1" 404 154 "http://localhost:8000/" "Mozilla/5.0 (Windows NT 10.0; Win64; x64) AppleWebKit/537.36 (KHTML, like Gecko) Chrome/83.0.4103.61 Safari/537.36"
::1 - - [02/Jun/2020:09:09:19 +0000] "GET /css/footer.css HTTP/1.1" 404 153 "http://localhost:8000/" "Mozilla/5.0 (Windows NT 10.0; Win64; x64) AppleWebKit/537.36 (KHTML, like Gecko) Chrome/83.0.4103.61 Safari/537.36"
::1 - - [02/Jun/2020:09:09:19 +0000] "GET /js/home_post_comments1.js HTTP/1.1" 404 164 "http://localhost:8000/" "Mozilla/5.0 (Windows NT 10.0; Win64; x64) AppleWebKit/537.36 (KHTML, like Gecko) Chrome/83.0.4103.61 Safari/537.36"
::1 - - [02/Jun/2020:09:09:19 +0000] "GET /js/toggle_likes.js HTTP/1.1" 404 157 "http://localhost:8000/" "Mozilla/5.0 (Windows NT 10.0; Win64; x64) AppleWebKit/537.36 (KHTML, like Gecko) Chrome/83.0.4103.61 Safari/537.36"
::1 - - [02/Jun/2020:09:09:19 +0000] "GET /js/chat_engine.js HTTP/1.1" 404 156 "http://localhost:8000/" "Mozilla/5.0 (Windows NT 10.0; Win64; x64) AppleWebKit/537.36 (KHTML, like Gecko) Chrome/83.0.4103.61 Safari/537.36"
::1 - - [02/Jun/2020:09:09:19 +0000] "GET /js/toggle_likes.js HTTP/1.1" 404 157 "http://localhost:8000/" "Mozilla/5.0 (Windows NT 10.0; Win64; x64) AppleWebKit/537.36 (KHTML, like Gecko) Chrome/83.0.4103.61 Safari/537.36"
::1 - - [02/Jun/2020:09:09:19 +0000] "GET /js/home_post.js HTTP/1.1" 404 154 "http://localhost:8000/" "Mozilla/5.0 (Windows NT 10.0; Win64; x64) AppleWebKit/537.36 (KHTML, like Gecko) Chrome/83.0.4103.61 Safari/537.36"
::1 - - [02/Jun/2020:09:09:19 +0000] "GET /js/chat_engine.js HTTP/1.1" 404 156 "http://localhost:8000/" "Mozilla/5.0 (Windows NT 10.0; Win64; x64) AppleWebKit/537.36 (KHTML, like Gecko) Chrome/83.0.4103.61 Safari/537.36"
::1 - - [02/Jun/2020:09:11:36 +0000] "GET / HTTP/1.1" 304 - "-" "Mozilla/5.0 (Windows NT 10.0; Win64; x64) AppleWebKit/537.36 (KHTML, like Gecko) Chrome/83.0.4103.61 Safari/537.36"
::1 - - [02/Jun/2020:09:12:05 +0000] "GET /users/signin HTTP/1.1" 304 - "http://localhost:8000/" "Mozilla/5.0 (Windows NT 10.0; Win64; x64) AppleWebKit/537.36 (KHTML, like Gecko) Chrome/83.0.4103.61 Safari/537.36"
::1 - - [02/Jun/2020:09:12:26 +0000] "GET / HTTP/1.1" 304 - "http://localhost:8000/users/signin" "Mozilla/5.0 (Windows NT 10.0; Win64; x64) AppleWebKit/537.36 (KHTML, like Gecko) Chrome/83.0.4103.61 Safari/537.36"
::1 - - [02/Jun/2020:09:12:26 +0000] "POST /users/create-session HTTP/1.1" 302 46 "http://localhost:8000/users/signin" "Mozilla/5.0 (Windows NT 10.0; Win64; x64) AppleWebKit/537.36 (KHTML, like Gecko) Chrome/83.0.4103.61 Safari/537.36"
::1 - - [02/Jun/2020:09:12:31 +0000] "GET / HTTP/1.1" 200 3188 "http://localhost:8000/users/signin" "Mozilla/5.0 (Windows NT 10.0; Win64; x64) AppleWebKit/537.36 (KHTML, like Gecko) Chrome/83.0.4103.61 Safari/537.36"
::1 - - [02/Jun/2020:09:12:57 +0000] "POST /posts/create HTTP/1.1" 302 88 "http://localhost:8000/" "Mozilla/5.0 (Windows NT 10.0; Win64; x64) AppleWebKit/537.36 (KHTML, like Gecko) Chrome/83.0.4103.61 Safari/537.36"
::1 - - [02/Jun/2020:09:12:58 +0000] "GET / HTTP/1.1" 200 4350 "http://localhost:8000/" "Mozilla/5.0 (Windows NT 10.0; Win64; x64) AppleWebKit/537.36 (KHTML, like Gecko) Chrome/83.0.4103.61 Safari/537.36"
::1 - - [02/Jun/2020:09:13:06 +0000] "POST /posts/create HTTP/1.1" 302 88 "http://localhost:8000/" "Mozilla/5.0 (Windows NT 10.0; Win64; x64) AppleWebKit/537.36 (KHTML, like Gecko) Chrome/83.0.4103.61 Safari/537.36"
::1 - - [02/Jun/2020:09:13:06 +0000] "GET / HTTP/1.1" 200 5520 "http://localhost:8000/" "Mozilla/5.0 (Windows NT 10.0; Win64; x64) AppleWebKit/537.36 (KHTML, like Gecko) Chrome/83.0.4103.61 Safari/537.36"
::1 - - [02/Jun/2020:09:13:17 +0000] "POST /comments/create HTTP/1.1" 302 46 "http://localhost:8000/" "Mozilla/5.0 (Windows NT 10.0; Win64; x64) AppleWebKit/537.36 (KHTML, like Gecko) Chrome/83.0.4103.61 Safari/537.36"
::1 - - [02/Jun/2020:09:13:17 +0000] "GET / HTTP/1.1" 200 5353 "http://localhost:8000/" "Mozilla/5.0 (Windows NT 10.0; Win64; x64) AppleWebKit/537.36 (KHTML, like Gecko) Chrome/83.0.4103.61 Safari/537.36"
::1 - - [02/Jun/2020:09:13:24 +0000] "POST /comments/create HTTP/1.1" 302 46 "http://localhost:8000/" "Mozilla/5.0 (Windows NT 10.0; Win64; x64) AppleWebKit/537.36 (KHTML, like Gecko) Chrome/83.0.4103.61 Safari/537.36"
::1 - - [02/Jun/2020:09:13:25 +0000] "GET / HTTP/1.1" 200 6873 "http://localhost:8000/" "Mozilla/5.0 (Windows NT 10.0; Win64; x64) AppleWebKit/537.36 (KHTML, like Gecko) Chrome/83.0.4103.61 Safari/537.36"
::1 - - [02/Jun/2020:09:13:29 +0000] "GET /comments/destroy/5ed61834828f8602ec70c8d2 HTTP/1.1" 302 88 "http://localhost:8000/" "Mozilla/5.0 (Windows NT 10.0; Win64; x64) AppleWebKit/537.36 (KHTML, like Gecko) Chrome/83.0.4103.61 Safari/537.36"
::1 - - [02/Jun/2020:09:13:29 +0000] "GET / HTTP/1.1" 200 6113 "http://localhost:8000/" "Mozilla/5.0 (Windows NT 10.0; Win64; x64) AppleWebKit/537.36 (KHTML, like Gecko) Chrome/83.0.4103.61 Safari/537.36"
::1 - - [02/Jun/2020:09:13:31 +0000] "GET /comments/destroy/5ed6182c828f8602ec70c8d0 HTTP/1.1" 302 88 "http://localhost:8000/" "Mozilla/5.0 (Windows NT 10.0; Win64; x64) AppleWebKit/537.36 (KHTML, like Gecko) Chrome/83.0.4103.61 Safari/537.36"
::1 - - [02/Jun/2020:09:13:31 +0000] "GET / HTTP/1.1" 200 5353 "http://localhost:8000/" "Mozilla/5.0 (Windows NT 10.0; Win64; x64) AppleWebKit/537.36 (KHTML, like Gecko) Chrome/83.0.4103.61 Safari/537.36"
::1 - - [02/Jun/2020:09:13:34 +0000] "GET /posts/destroy/5ed61819828f8602ec70c8ce HTTP/1.1" 302 88 "http://localhost:8000/" "Mozilla/5.0 (Windows NT 10.0; Win64; x64) AppleWebKit/537.36 (KHTML, like Gecko) Chrome/83.0.4103.61 Safari/537.36"
::1 - - [02/Jun/2020:09:13:34 +0000] "GET / HTTP/1.1" 200 4372 "http://localhost:8000/" "Mozilla/5.0 (Windows NT 10.0; Win64; x64) AppleWebKit/537.36 (KHTML, like Gecko) Chrome/83.0.4103.61 Safari/537.36"
::1 - - [02/Jun/2020:09:13:36 +0000] "GET /posts/destroy/5ed61822828f8602ec70c8cf HTTP/1.1" 302 88 "http://localhost:8000/" "Mozilla/5.0 (Windows NT 10.0; Win64; x64) AppleWebKit/537.36 (KHTML, like Gecko) Chrome/83.0.4103.61 Safari/537.36"
::1 - - [02/Jun/2020:09:13:36 +0000] "GET / HTTP/1.1" 200 3202 "http://localhost:8000/" "Mozilla/5.0 (Windows NT 10.0; Win64; x64) AppleWebKit/537.36 (KHTML, like Gecko) Chrome/83.0.4103.61 Safari/537.36"
::1 - - [02/Jun/2020:09:13:41 +0000] "GET /users/signout HTTP/1.1" 302 46 "http://localhost:8000/" "Mozilla/5.0 (Windows NT 10.0; Win64; x64) AppleWebKit/537.36 (KHTML, like Gecko) Chrome/83.0.4103.61 Safari/537.36"
::1 - - [02/Jun/2020:09:13:41 +0000] "GET / HTTP/1.1" 200 2382 "http://localhost:8000/" "Mozilla/5.0 (Windows NT 10.0; Win64; x64) AppleWebKit/537.36 (KHTML, like Gecko) Chrome/83.0.4103.61 Safari/537.36"
::1 - - [02/Jun/2020:09:14:15 +0000] "GET / HTTP/1.1" 200 2206 "-" "Mozilla/5.0 (Windows NT 10.0; Win64; x64) AppleWebKit/537.36 (KHTML, like Gecko) Chrome/83.0.4103.61 Safari/537.36"
::1 - - [02/Jun/2020:09:14:25 +0000] "GET /users/signin HTTP/1.1" 304 - "http://localhost:8000/" "Mozilla/5.0 (Windows NT 10.0; Win64; x64) AppleWebKit/537.36 (KHTML, like Gecko) Chrome/83.0.4103.61 Safari/537.36"
::1 - - [02/Jun/2020:09:15:09 +0000] "GET / HTTP/1.1" 304 - "-" "Mozilla/5.0 (Windows NT 10.0; Win64; x64) AppleWebKit/537.36 (KHTML, like Gecko) Chrome/83.0.4103.61 Safari/537.36"
::1 - - [02/Jun/2020:09:15:14 +0000] "GET /users/profile/5ecf60089ed40c1df83b2295 HTTP/1.1" 302 70 "http://localhost:8000/" "Mozilla/5.0 (Windows NT 10.0; Win64; x64) AppleWebKit/537.36 (KHTML, like Gecko) Chrome/83.0.4103.61 Safari/537.36"
::1 - - [02/Jun/2020:09:15:14 +0000] "GET /users/signin HTTP/1.1" 304 - "http://localhost:8000/" "Mozilla/5.0 (Windows NT 10.0; Win64; x64) AppleWebKit/537.36 (KHTML, like Gecko) Chrome/83.0.4103.61 Safari/537.36"
::1 - - [02/Jun/2020:09:15:20 +0000] "GET /users/profile/5ecf60089ed40c1df83b2295 HTTP/1.1" 302 70 "http://localhost:8000/" "Mozilla/5.0 (Windows NT 10.0; Win64; x64) AppleWebKit/537.36 (KHTML, like Gecko) Chrome/83.0.4103.61 Safari/537.36"
::1 - - [02/Jun/2020:09:15:20 +0000] "GET /users/signin HTTP/1.1" 304 - "http://localhost:8000/" "Mozilla/5.0 (Windows NT 10.0; Win64; x64) AppleWebKit/537.36 (KHTML, like Gecko) Chrome/83.0.4103.61 Safari/537.36"
::1 - - [02/Jun/2020:09:15:27 +0000] "POST /users/create-session HTTP/1.1" 302 46 "http://localhost:8000/users/signin" "Mozilla/5.0 (Windows NT 10.0; Win64; x64) AppleWebKit/537.36 (KHTML, like Gecko) Chrome/83.0.4103.61 Safari/537.36"
::1 - - [02/Jun/2020:09:15:27 +0000] "GET / HTTP/1.1" 200 3188 "http://localhost:8000/users/signin" "Mozilla/5.0 (Windows NT 10.0; Win64; x64) AppleWebKit/537.36 (KHTML, like Gecko) Chrome/83.0.4103.61 Safari/537.36"
::1 - - [02/Jun/2020:09:15:31 +0000] "GET /users/profile/5ecf60089ed40c1df83b2295 HTTP/1.1" 200 1694 "http://localhost:8000/" "Mozilla/5.0 (Windows NT 10.0; Win64; x64) AppleWebKit/537.36 (KHTML, like Gecko) Chrome/83.0.4103.61 Safari/537.36"
::1 - - [02/Jun/2020:09:15:43 +0000] "POST /posts/create HTTP/1.1" 302 88 "http://localhost:8000/" "Mozilla/5.0 (Windows NT 10.0; Win64; x64) AppleWebKit/537.36 (KHTML, like Gecko) Chrome/83.0.4103.61 Safari/537.36"
::1 - - [02/Jun/2020:09:15:43 +0000] "GET / HTTP/1.1" 200 4350 "http://localhost:8000/" "Mozilla/5.0 (Windows NT 10.0; Win64; x64) AppleWebKit/537.36 (KHTML, like Gecko) Chrome/83.0.4103.61 Safari/537.36"
::1 - - [02/Jun/2020:09:15:46 +0000] "GET /likes/toggle/?id=5ed618bff2ab1b3a8c465436&type=Post HTTP/1.1" 404 152 "http://localhost:8000/" "Mozilla/5.0 (Windows NT 10.0; Win64; x64) AppleWebKit/537.36 (KHTML, like Gecko) Chrome/83.0.4103.61 Safari/537.36"
::1 - - [02/Jun/2020:09:15:52 +0000] "GET /likes/toggle/?id=5ed618bff2ab1b3a8c465436&type=Post HTTP/1.1" 404 152 "http://localhost:8000/" "Mozilla/5.0 (Windows NT 10.0; Win64; x64) AppleWebKit/537.36 (KHTML, like Gecko) Chrome/83.0.4103.61 Safari/537.36"
::1 - - [02/Jun/2020:09:16:07 +0000] "GET /likes/toggle/?id=5ed618bff2ab1b3a8c465436&type=Post HTTP/1.1" 404 152 "http://localhost:8000/" "Mozilla/5.0 (Windows NT 10.0; Win64; x64) AppleWebKit/537.36 (KHTML, like Gecko) Chrome/83.0.4103.61 Safari/537.36"
[0mGET / [0m-[0m - ms - -[0m
[0mGET / [32m200[0m 3528.820 ms - 4270[0m
[0mGET /users/signin [36m304[0m 7.231 ms - -[0m
[0mPOST /users/create-session [36m302[0m 304.981 ms - 46[0m
[0mGET / [32m200[0m 32.191 ms - 6675[0m
[0mGET /comments/destroy/5ec6cd3eb0552f3450cd7ac3 [36m302[0m 476.563 ms - 88[0m
[0mGET / [32m200[0m 35.729 ms - 5750[0m
[0mGET /likes/toggle/?id=5ec6cd35b0552f3450cd7abf&type=Post [33m404[0m 8.155 ms - 152[0m
[0mPOST /comments/create [36m302[0m 307.746 ms - 46[0m
[0mGET / [32m200[0m 226.882 ms - 6511[0m
[0mPOST /comments/create [36m302[0m 63.942 ms - 46[0m
[0mGET / [32m200[0m 290.233 ms - 7272[0m
[0mGET /comments/destroy/5ed6193ee094b42b30d561ef [36m302[0m 63.188 ms - 88[0m
[0mGET / [32m200[0m 27.944 ms - 6511[0m
[0mGET /likes/toggle/?id=5ec6cd35b0552f3450cd7abf&type=Post [33m404[0m 7.131 ms - 152[0m
[0mGET / [36m304[0m 1553.753 ms - -[0m
[0mGET /likes/toggle/?id=5ed61938e094b42b30d561ed&type=Comment [33m404[0m 38.488 ms - 152[0m
[0mGET /likes/toggle/?id=5ed61938e094b42b30d561ed&type=Comment [33m404[0m 11.792 ms - 152[0m
[0mGET /likes/toggle/?id=5ed61938e094b42b30d561ed&type=Comment [33m404[0m 11.705 ms - 152[0m
[0mGET /likes/toggle/?id=5ed61938e094b42b30d561ed&type=Comment [33m404[0m 4.930 ms - 152[0m
[0mGET /comments/destroy/5ed61938e094b42b30d561ed [36m302[0m 154.461 ms - 88[0m
[0mGET / [32m200[0m 24.801 ms - 5750[0m
[0mPOST /comments/create [36m302[0m 151.625 ms - 46[0m
[0mGET / [32m200[0m 235.052 ms - 6511[0m
[0mGET /comments/destroy/5ed6290d183d3f3fdcd96c23 [36m302[0m 89.242 ms - 88[0m
[0mGET / [32m200[0m 165.310 ms - 5754[0m
[0mGET /likes/toggle/?id=5ec6cd35b0552f3450cd7abf&type=Post [33m404[0m 9.854 ms - 152[0m
[0mGET /likes/toggle/?id=5ec6cd35b0552f3450cd7abf&type=Post [33m404[0m 7.484 ms - 152[0m
[0mGET /likes/toggle/?id=5ec6cd35b0552f3450cd7abf&type=Post [33m404[0m 9.960 ms - 152[0m
[0mGET / [36m304[0m 166.760 ms - -[0m
[0mPOST /comments/create [36m302[0m 320.829 ms - 46[0m
[0mGET / [36m304[0m 27.188 ms - -[0m
[0mGET /posts/destroy/5ec6cd37b0552f3450cd7ac0 [32m200[0m 13.502 ms - 85[0m
[0mGET /posts/destroy/5ec6cd35b0552f3450cd7abf [32m200[0m 12.515 ms - 85[0m
[0mPOST /posts/create [32m200[0m 26.019 ms - 240[0m
[0mPOST /likes/toggle/?id=5ed630448650271870f7407c&type=Post [32m200[0m 38.305 ms - 57[0m
[0mPOST /likes/toggle/?id=5ed630448650271870f7407c&type=Post [32m200[0m 12.513 ms - 56[0m
[0mPOST /comments/create [32m200[0m 92.467 ms - 334[0m
[0mGET /comments/destroy/5ed630638650271870f74080 [32m200[0m 43.433 ms - 78[0m
[0mPOST /comments/create [32m200[0m 41.847 ms - 334[0m
[0mPOST /likes/toggle/?id=5ed630678650271870f74082&type=Comment [32m200[0m 47.101 ms - 57[0m
[0mPOST /likes/toggle/?id=5ed630678650271870f74082&type=Comment [32m200[0m 11.899 ms - 56[0m
[0mGET /comments/destroy/5ed630678650271870f74082 [32m200[0m 70.569 ms - 78[0m
[0mPOST /comments/create [32m200[0m 14.673 ms - 334[0m
[0mGET /comments/destroy/5ed630748650271870f74087 [32m200[0m 10.425 ms - 78[0m
[0mGET / [32m200[0m 20.143 ms - 4583[0m
[0mPOST /comments/create [32m200[0m 66.922 ms - 334[0m
[0mGET /comments/destroy/5ed6307e8650271870f74089 [32m200[0m 9.951 ms - 78[0m
[0mPOST /comments/create [32m200[0m 15.799 ms - 334[0m
[0mPOST /comments/create [32m200[0m 43.589 ms - 334[0m
[0mPOST /likes/toggle/?id=5ed630828650271870f7408b&type=Comment [31m500[0m 28.643 ms - 36[0m
[0mPOST /likes/toggle/?id=5ed630828650271870f7408b&type=Comment [31m500[0m 6.617 ms - 36[0m
[0mPOST /likes/toggle/?id=5ed630828650271870f7408b&type=Comment [31m500[0m 6.590 ms - 36[0m
[0mPOST /likes/toggle/?id=5ed630828650271870f7408b&type=Comment [31m500[0m 9.014 ms - 36[0m
[0mPOST /likes/toggle/?id=5ed630828650271870f7408b&type=Comment [31m500[0m 14.858 ms - 36[0m
[0mPOST /likes/toggle/?id=5ed630828650271870f7408b&type=Comment [31m500[0m 5.737 ms - 36[0m
[0mGET /comments/destroy/5ed630828650271870f7408b [36m302[0m 2.587 ms - 35[0m
[0mGET /users/signin [36m304[0m 9.725 ms - -[0m
[0mGET /comments/destroy/5ed630828650271870f7408b [36m302[0m 1.985 ms - 35[0m
[0mGET /users/signin [36m304[0m 2.435 ms - -[0m
[0mGET /comments/destroy/5ed630828650271870f7408b [36m302[0m 2.561 ms - 35[0m
[0mGET /users/signin [36m304[0m 2.675 ms - -[0m
[0mPOST /likes/toggle/?id=5ed630448650271870f7407c&type=Post [31m500[0m 6.362 ms - 36[0m
[0mPOST /likes/toggle/?id=5ed630448650271870f7407c&type=Post [31m500[0m 6.364 ms - 36[0m
[0mPOST /likes/toggle/?id=5ed630838650271870f7408d&type=Comment [31m500[0m 6.133 ms - 36[0m
[0mPOST /likes/toggle/?id=5ed630838650271870f7408d&type=Comment [31m500[0m 6.355 ms - 36[0m
[0mGET /comments/destroy/5ed630828650271870f7408b [36m302[0m 1.944 ms - 35[0m
[0mGET /users/signin [36m304[0m 3.108 ms - -[0m
[0mGET /posts/destroy/5ed630448650271870f7407c [36m302[0m 2.899 ms - 35[0m
[0mGET /users/signin [36m304[0m 2.373 ms - -[0m
[0mGET /posts/destroy/5ed630448650271870f7407c [36m302[0m 1.974 ms - 35[0m
[0mGET /users/signin [36m304[0m 2.389 ms - -[0m
[0mGET /comments/destroy/5ed630828650271870f7408b [36m302[0m 2.247 ms - 35[0m
[0mGET /users/signin [36m304[0m 2.688 ms - -[0m
[0mGET / [32m200[0m 97.530 ms - 4163[0m
[0mGET /users/signin [36m304[0m 5.702 ms - -[0m
[0mPOST /users/create-session [36m302[0m 7.761 ms - 46[0m
[0mGET / [36m304[0m 17.644 ms - -[0m
[0mGET / [32m200[0m 19.821 ms - 6280[0m
[0mGET /comments/destroy/5ed630838650271870f7408d [32m200[0m 32.236 ms - 78[0m
[0mGET /comments/destroy/5ed630828650271870f7408b [32m200[0m 9.671 ms - 78[0m
[0mGET /posts/destroy/5ed630448650271870f7407c [32m200[0m 11.718 ms - 85[0m
[0mPOST /posts/create [32m200[0m 10.544 ms - 240[0m
[0mPOST /posts/create [32m200[0m 7.049 ms - 240[0m
[0mPOST /likes/toggle/?id=5ed631668650271870f7408e&type=Post [32m200[0m 11.998 ms - 57[0m
[0mPOST /likes/toggle/?id=5ed631668650271870f7408e&type=Post [32m200[0m 12.441 ms - 56[0m
[0mPOST /comments/create [32m200[0m 15.659 ms - 323[0m
[0mGET /comments/destroy/5ed6316d8650271870f74093 [32m200[0m 9.476 ms - 78[0m
[0mPOST /comments/create [32m200[0m 12.190 ms - 323[0m
[0mGET / [32m200[0m 27.302 ms - 6504[0m
[0mGET /comments/destroy/5ed631718650271870f74095 [32m200[0m 11.694 ms - 78[0m
[0mGET /posts/destroy/5ed631668650271870f7408e [32m200[0m 11.092 ms - 85[0m
[0mGET /posts/destroy/5ed631678650271870f7408f [32m200[0m 12.423 ms - 85[0m
